<?xml version="1.0" encoding="UTF-8"?>
<!-- Generated by org.testng.reporters.JUnitXMLReporter -->
<testsuite ignored="2" hostname="DESKTOP-OOUJMJK" failures="0" tests="0" time="0.003" errors="0" timestamp="2021-04-01T10:39:34 EDT">
  <testcase classname="dev.swapi.ListOfChar" name="displayCharTest" time="0.0">
    <ignored/>
  </testcase> <!-- displayCharTest -->
  <testcase classname="dev.swapi.ListOfChar" name="specifiedCharTest" time="0.0">
    <ignored/>
  </testcase> <!-- specifiedCharTest -->
</testsuite>
